timestamp: 2019-10-08T21:15:59.733000
CREATE TABLE "auth_user"(
    "id" INTEGER PRIMARY KEY AUTOINCREMENT,
    "first_name" CHAR(128),
    "last_name" CHAR(128),
    "email" CHAR(512),
    "password" CHAR(512),
    "registration_key" CHAR(512),
    "reset_password_key" CHAR(512),
    "registration_id" CHAR(512)
);
success!
timestamp: 2019-10-08T21:16:00.014000
CREATE TABLE "auth_group"(
    "id" INTEGER PRIMARY KEY AUTOINCREMENT,
    "role" CHAR(512),
    "description" TEXT
);
success!
timestamp: 2019-10-08T21:16:00.325000
CREATE TABLE "auth_membership"(
    "id" INTEGER PRIMARY KEY AUTOINCREMENT,
    "user_id" INTEGER REFERENCES "auth_user" ("id") ON DELETE CASCADE  ,
    "group_id" INTEGER REFERENCES "auth_group" ("id") ON DELETE CASCADE  
);
success!
timestamp: 2019-10-08T21:16:00.383000
CREATE TABLE "auth_permission"(
    "id" INTEGER PRIMARY KEY AUTOINCREMENT,
    "group_id" INTEGER REFERENCES "auth_group" ("id") ON DELETE CASCADE  ,
    "name" CHAR(512),
    "table_name" CHAR(512),
    "record_id" INTEGER
);
success!
timestamp: 2019-10-08T21:16:00.451000
CREATE TABLE "auth_event"(
    "id" INTEGER PRIMARY KEY AUTOINCREMENT,
    "time_stamp" TIMESTAMP,
    "client_ip" CHAR(512),
    "user_id" INTEGER REFERENCES "auth_user" ("id") ON DELETE CASCADE  ,
    "origin" CHAR(512),
    "description" TEXT
);
success!
timestamp: 2019-10-08T21:16:00.512000
CREATE TABLE "auth_cas"(
    "id" INTEGER PRIMARY KEY AUTOINCREMENT,
    "user_id" INTEGER REFERENCES "auth_user" ("id") ON DELETE CASCADE  ,
    "created_on" TIMESTAMP,
    "service" CHAR(512),
    "ticket" CHAR(512),
    "renew" CHAR(1)
);
success!
timestamp: 2020-02-29T04:34:57.628000
CREATE TABLE "users"(
    "id" INTEGER PRIMARY KEY AUTOINCREMENT,
    "username" CHAR(512) NOT NULL,
    "email" CHAR(512) NOT NULL,
    "password" CHAR(512) NOT NULL,
    "gender" CHAR(1) NOT NULL,
    "money" INTEGER NOT NULL,
    "points" INTEGER NOT NULL,
    "health" INTEGER NOT NULL,
    "nerve" INTEGER NOT NULL
);
success!
DROP TABLE "users";
success!
timestamp: 2020-03-18T07:04:29.732988
CREATE TABLE "users"(
    "id" INTEGER PRIMARY KEY AUTOINCREMENT,
    "username" CHAR(512) NOT NULL,
    "email" CHAR(512) NOT NULL,
    "password" CHAR(512) NOT NULL,
    "gender" CHAR(1) NOT NULL,
    "money" INTEGER NOT NULL DEFAULT 1000,
    "points" INTEGER NOT NULL DEFAULT 0,
    "health" INTEGER NOT NULL DEFAULT 100,
    "nerve" INTEGER NOT NULL DEFAULT 15
);
success!
